0 info it worked if it ends with ok
1 verbose cli [ 'C:\\Program Files\\nodejs\\node.exe',
1 verbose cli   'C:\\Program Files\\nodejs\\node_modules\\npm\\bin\\npm-cli.js',
1 verbose cli   'run',
1 verbose cli   'dev' ]
2 info using npm@4.1.2
3 info using node@v7.7.4
4 verbose run-script [ 'predev', 'dev', 'postdev' ]
5 info lifecycle my-web@1.0.0~predev: my-web@1.0.0
6 silly lifecycle my-web@1.0.0~predev: no script for predev, continuing
7 info lifecycle my-web@1.0.0~dev: my-web@1.0.0
8 verbose lifecycle my-web@1.0.0~dev: unsafe-perm in lifecycle true
9 verbose lifecycle my-web@1.0.0~dev: PATH: C:\Program Files\nodejs\node_modules\npm\bin\node-gyp-bin;D:\cxyr\my-web\node_modules\.bin;C:\Program Files (x86)\Common Files\NetSarang;F:\az\Ruby22\bin;C:\Windows\System32;F:\az\SlikSvn\bin;C:\Program Files\TortoiseSVN\bin;C:\Program Files\Git\cmd;F:\az\TortoiseGit\bin;C:\Windows;C:\Windows\system32\wbem;C:\Program Files\nodejs\;C:\Program Files (x86)\Microsoft VS Code\bin;C:\Users\Administrator\AppData\Roaming\npm
10 verbose lifecycle my-web@1.0.0~dev: CWD: D:\cxyr\my-web
11 silly lifecycle my-web@1.0.0~dev: Args: [ '/d /s /c', 'roadhog server' ]
12 verbose stack Error: kill ENOSYS
12 verbose stack     at exports._errnoException (util.js:1034:11)
12 verbose stack     at process.kill (internal/process.js:188:13)
12 verbose stack     at process.listener (C:\Program Files\nodejs\node_modules\npm\node_modules\npmlog\node_modules\gauge\node_modules\signal-exit\index.js:95:15)
12 verbose stack     at emitNone (events.js:86:13)
12 verbose stack     at process.emit (events.js:188:7)
12 verbose stack     at processEmit (C:\Program Files\nodejs\node_modules\npm\node_modules\npmlog\node_modules\gauge\node_modules\signal-exit\index.js:155:32)
12 verbose stack     at Signal.wrap.onsignal (internal/process.js:215:44)
13 verbose cwd D:\cxyr\my-web
14 error Windows_NT 6.1.7601
15 error argv "C:\\Program Files\\nodejs\\node.exe" "C:\\Program Files\\nodejs\\node_modules\\npm\\bin\\npm-cli.js" "run" "dev"
16 error node v7.7.4
17 error npm  v4.1.2
18 error code ENOSYS
19 error errno ENOSYS
20 error syscall kill
21 error kill ENOSYS
22 error If you need help, you may report this error at:
22 error     <https://github.com/npm/npm/issues>
23 verbose exit [ 1, true ]
